QUERY: INSERT INTO address (user_id, Full_Name, Email, Phone, Address_type, Shipping_Address, City, Zip_Code)
    VALUES ('3', 'AkshaBen Yasinbhai Vahora', 'aksha@gmail.com', '8600412566', 'house', 'Shakti Krupa Society BH Royal Plaza, Anand', 'Anand', '388001')
Address inserted, ID: 45
QUERY: INSERT INTO address (user_id, Full_Name, Email, Phone, Address_type, Shipping_Address, City, Zip_Code)
    VALUES ('8', 'vahora Aksha', 'aksha@gmail.com', '8758834207', 'House', 'Anand, Gujarat', 'anand', '388001')
Address inserted, ID: 46
QUERY: INSERT INTO address (user_id, Full_Name, Email, Phone, Address_type, Shipping_Address, City, Zip_Code)
    VALUES ('8', 'AkshaBen Yasinbhai Vahora', 'aksha@gmail.com', '5656565656', 'bcjjcdnsj', 'Shakti Krupa Society BH Royal Plaza, Anand', 'Anand', '388001')
Address inserted, ID: 47
Total Price: 0
Cart Data JSON: [{"id":"16","name":"Fit Me Loose Finishing Powder","price":"1900.00","shade_product_id":"21","shade_color":"#e9d2d2","images":["http://localhost/cosmetic/admin/components/uploads/1744102669_Fit%20Me%20Loose%20Finishing%20Powder-1-1.jpg","http://localhost/cosmetic/admin/components/uploads/1744102669_Fit%20Me%20Loose%20Finishing%20Powder-1-2.jpg","http://localhost/cosmetic/admin/components/uploads/1744102669_Fit%20Me%20Loose%20Finishing%20Powder-1-3.jpg","http://localhost/cosmetic/admin/components/uploads/1744102669_Fit%20Me%20Loose%20Finishing%20Powder-1-4.jpg"],"quantity":1}]
Total Price: 1900
Address inserted ID: 48
Payment inserted with ID: PAY_6869630396ea1
Order created with ID: 36
Total Price: 0
Cart Data JSON: [{"id":"16","name":"Fit Me Loose Finishing Powder","price":"1900.00","shade_product_id":"21","shade_color":"#e9d2d2","images":["http://localhost/cosmetic/admin/components/uploads/1744102669_Fit%20Me%20Loose%20Finishing%20Powder-1-1.jpg","http://localhost/cosmetic/admin/components/uploads/1744102669_Fit%20Me%20Loose%20Finishing%20Powder-1-2.jpg","http://localhost/cosmetic/admin/components/uploads/1744102669_Fit%20Me%20Loose%20Finishing%20Powder-1-3.jpg","http://localhost/cosmetic/admin/components/uploads/1744102669_Fit%20Me%20Loose%20Finishing%20Powder-1-4.jpg"],"quantity":1}]
Total Price: 1900
Address inserted ID: 49
Payment inserted with ID: PAY_68696391b0602
Order created with ID: 37
Total Price: 0
Total Price: 0
Total Price: 0
Total Price: 0
Total Price: 0
Total Price: 0
Cart Data JSON: [{"id":"25","name":"LOréal Paris Voluminous Panorama Waterproof Mascara","price":"590.00","shade_product_id":"33","shade_color":"#000000","images":["http://localhost/cosmetic/admin/components/uploads/1744187168_mascara1.jpg","http://localhost/cosmetic/admin/components/uploads/1744187168_mascara2.jpg","http://localhost/cosmetic/admin/components/uploads/1744187168_mascara3.jpg","http://localhost/cosmetic/admin/components/uploads/1744187168_mascara4.jpg"],"quantity":1},{"id":"24","name":"LORÉAL PARIS INFALLIBLE FULL WEAR CONCEALER","price":"450.00","shade_product_id":"30","shade_color":"#c4b1b1","images":["http://localhost/cosmetic/admin/components/uploads/1744186963_concelear1.jpg","http://localhost/cosmetic/admin/components/uploads/1744186963_concealer-1-3.jpg","http://localhost/cosmetic/admin/components/uploads/1744186963_concealer-1-4.jpg","http://localhost/cosmetic/admin/components/uploads/1744186963_concealer-1-2.jpg"],"quantity":1},{"id":"24","name":"LORÉAL PARIS INFALLIBLE FULL WEAR CONCEALER","price":"450.00","shade_product_id":"31","shade_color":"#f2cfcf","images":["http://localhost/cosmetic/admin/components/uploads/1744186988_concelear2.jpg","http://localhost/cosmetic/admin/components/uploads/1744186988_concealer-1-3.jpg","http://localhost/cosmetic/admin/components/uploads/1744186988_concealer-1-4.jpg","http://localhost/cosmetic/admin/components/uploads/1744186988_concealer-1-2.jpg"],"quantity":1}]
Total Price: 1490
Address inserted ID: 50
Payment inserted with ID: PAY_686a58e78f437
Order created with ID: 38
